-------------------------------------------------------------------------------
Test set: com.meditrack.usermanagement.domain.model.EmailTest
-------------------------------------------------------------------------------
Tests run: 3, Failures: 0, Errors: 0, Skipped: 0, Time elapsed: 0.024 s -- in com.meditrack.usermanagement.domain.model.EmailTest
com.meditrack.usermanagement.domain.model.EmailTest.testEmailEquality -- Time elapsed: 0.011 s
com.meditrack.usermanagement.domain.model.EmailTest.testCreateValidEmail -- Time elapsed: 0.001 s
com.meditrack.usermanagement.domain.model.EmailTest.testRejectInvalidEmail -- Time elapsed: 0.002 s
