-------------------------------------------------------------------------------
Test set: com.meditrack.usermanagement.domain.model.PasswordTest
-------------------------------------------------------------------------------
Tests run: 3, Failures: 0, Errors: 0, Skipped: 0, Time elapsed: 0.300 s -- in com.meditrack.usermanagement.domain.model.PasswordTest
com.meditrack.usermanagement.domain.model.PasswordTest.testPasswordMatches -- Time elapsed: 0.223 s
com.meditrack.usermanagement.domain.model.PasswordTest.testRejectInvalidPassword -- Time elapsed: 0.001 s
com.meditrack.usermanagement.domain.model.PasswordTest.testCreateValidPassword -- Time elapsed: 0.075 s
