-------------------------------------------------------------------------------
Test set: com.meditrack.usermanagement.domain.model.UserTest
-------------------------------------------------------------------------------
Tests run: 3, Failures: 0, Errors: 0, Skipped: 0, Time elapsed: 0.402 s -- in com.meditrack.usermanagement.domain.model.UserTest
com.meditrack.usermanagement.domain.model.UserTest.testRegisterUserWithValidData -- Time elapsed: 0.103 s
com.meditrack.usermanagement.domain.model.UserTest.testAuthentication -- Time elapsed: 0.224 s
com.meditrack.usermanagement.domain.model.UserTest.testRegisterWithInvalidData -- Time elapsed: 0.075 s
